Added Component: Designator=D1(Diode_5mm_green)
Added Component: Designator=J1(CONN3)
Added Component: Designator=J2(CONN3)
Added Component: Designator=J3(CONN2)
Added Component: Designator=NodeMCU_1(NodeMCU_DevKit_V1.0)
Added Component: Designator=R1(330R_P8mm_0.25W)
Added Pin To Net: NetName=+5 Pin=J2-3
Added Pin To Net: NetName=+5 Pin=J3-1
Added Pin To Net: NetName=+5 Pin=NodeMCU_1-Vin
Added Pin To Net: NetName=+5 Pin=R1-1
Added Net: Name=+5
Added Pin To Net: NetName=GND Pin=D1-1
Added Pin To Net: NetName=GND Pin=J2-2
Added Pin To Net: NetName=GND Pin=J3-2
Added Pin To Net: NetName=GND Pin=NodeMCU_1-GND
Added Pin To Net: NetName=GND Pin=NodeMCU_1-GND
Added Pin To Net: NetName=GND Pin=NodeMCU_1-GND
Added Pin To Net: NetName=GND Pin=NodeMCU_1-GND
Added Net: Name=GND
Added Pin To Net: NetName=NetD1_2 Pin=D1-2
Added Pin To Net: NetName=NetD1_2 Pin=R1-2
Added Net: Name=NetD1_2
Added Pin To Net: NetName=NetJ1_1 Pin=J1-1
Added Pin To Net: NetName=NetJ1_1 Pin=NodeMCU_1-D0
Added Net: Name=NetJ1_1
Added Pin To Net: NetName=NetJ1_2 Pin=J1-2
Added Pin To Net: NetName=NetJ1_2 Pin=NodeMCU_1-D4
Added Net: Name=NetJ1_2
Added Pin To Net: NetName=NetJ1_3 Pin=J1-3
Added Pin To Net: NetName=NetJ1_3 Pin=NodeMCU_1-D5
Added Net: Name=NetJ1_3
Added Pin To Net: NetName=NetJ2_1 Pin=J2-1
Added Pin To Net: NetName=NetJ2_1 Pin=NodeMCU_1-D6
Added Net: Name=NetJ2_1
